<?xml version="1.0" encoding="UTF-8"?>
<!-- Generated by org.testng.reporters.JUnitXMLReporter -->
<testsuite ignored="0" hostname="DESKTOP-FD2FDPE" failures="0" tests="1" name="chromeTest" time="25.099" errors="0" timestamp="2022-10-19T22:04:04 IST">
  <testcase classname="ftest.facetest" name="@BeforeTest beforetest" time="24.957">
    <failure type="org.openqa.selenium.SessionNotCreatedException" message="session not created: This version of ChromeDriver only supports Chrome version 104
Current browser version is 106.0.5249.119 with binary path C:\Program Files (x86)\Google\Chrome\Application\chrome.exe
Build info: version: &amp;apos;3.141.5&amp;apos;, revision: &amp;apos;d54ebd709a&amp;apos;, time: &amp;apos;2018-11-06T11:42:16&amp;apos;
System info: host: &amp;apos;DESKTOP-FD2FDPE&amp;apos;, ip: &amp;apos;192.168.156.69&amp;apos;, os.name: &amp;apos;Windows 10&amp;apos;, os.arch: &amp;apos;amd64&amp;apos;, os.version: &amp;apos;10.0&amp;apos;, java.version: &amp;apos;17.0.4.1&amp;apos;
Driver info: driver.version: ChromeDriver
remote stacktrace: Backtrace:
	Ordinal0 [0x00668823+2197539]
	Ordinal0 [0x00600911+1771793]
	Ordinal0 [0x00513FE8+802792]
	Ordinal0 [0x00535B43+940867]
	Ordinal0 [0x0053127F+922239]
	Ordinal0 [0x0052EA51+911953]
	Ordinal0 [0x00562260+1122912]
	Ordinal0 [0x00561EBA+1121978]
	Ordinal0 [0x0055D476+1102966]
	Ordinal0 [0x00537660+947808]
	Ordinal0 [0x00538556+951638]
	GetHandleVerifier [0x00911A32+2740578]
	GetHandleVerifier [0x00903776+2682534]
	GetHandleVerifier [0x006F307A+518058]
	GetHandleVerifier [0x006F2196+514246]
	Ordinal0 [0x00607ADB+1800923]
	Ordinal0 [0x0060C2E8+1819368]
	Ordinal0 [0x0060C3D5+1819605]
	Ordinal0 [0x00615810+1857552]
	BaseThreadInitThunk [0x766AFA29+25]
	RtlGetAppContainerNamedObjectPath [0x774E7A9E+286]
	RtlGetAppContainerNamedObjectPath [0x774E7A6E+238]
">
      <![CDATA[org.openqa.selenium.SessionNotCreatedException: session not created: This version of ChromeDriver only supports Chrome version 104
Current browser version is 106.0.5249.119 with binary path C:\Program Files (x86)\Google\Chrome\Application\chrome.exe
Build info: version: '3.141.5', revision: 'd54ebd709a', time: '2018-11-06T11:42:16'
System info: host: 'DESKTOP-FD2FDPE', ip: '192.168.156.69', os.name: 'Windows 10', os.arch: 'amd64', os.version: '10.0', java.version: '17.0.4.1'
Driver info: driver.version: ChromeDriver
remote stacktrace: Backtrace:
Ordinal0 [0x00668823+2197539]
Ordinal0 [0x00600911+1771793]
Ordinal0 [0x00513FE8+802792]
Ordinal0 [0x00535B43+940867]
Ordinal0 [0x0053127F+922239]
Ordinal0 [0x0052EA51+911953]
Ordinal0 [0x00562260+1122912]
Ordinal0 [0x00561EBA+1121978]
Ordinal0 [0x0055D476+1102966]
Ordinal0 [0x00537660+947808]
Ordinal0 [0x00538556+951638]
GetHandleVerifier [0x00911A32+2740578]
GetHandleVerifier [0x00903776+2682534]
GetHandleVerifier [0x006F307A+518058]
GetHandleVerifier [0x006F2196+514246]
Ordinal0 [0x00607ADB+1800923]
Ordinal0 [0x0060C2E8+1819368]
Ordinal0 [0x0060C3D5+1819605]
Ordinal0 [0x00615810+1857552]
BaseThreadInitThunk [0x766AFA29+25]
RtlGetAppContainerNamedObjectPath [0x774E7A9E+286]
RtlGetAppContainerNamedObjectPath [0x774E7A6E+238]

at org.openqa.selenium.remote.W3CHandshakeResponse.lambda$errorHandler$0(W3CHandshakeResponse.java:62)
at org.openqa.selenium.remote.HandshakeResponse.lambda$getResponseFunction$0(HandshakeResponse.java:30)
at org.openqa.selenium.remote.ProtocolHandshake.lambda$createSession$0(ProtocolHandshake.java:123)
at java.base/java.util.stream.ReferencePipeline$3$1.accept(ReferencePipeline.java:197)
at java.base/java.util.Spliterators$ArraySpliterator.tryAdvance(Spliterators.java:1002)
at java.base/java.util.stream.ReferencePipeline.forEachWithCancel(ReferencePipeline.java:129)
at java.base/java.util.stream.AbstractPipeline.copyIntoWithCancel(AbstractPipeline.java:527)
at java.base/java.util.stream.AbstractPipeline.copyInto(AbstractPipeline.java:513)
at java.base/java.util.stream.AbstractPipeline.wrapAndCopyInto(AbstractPipeline.java:499)
at java.base/java.util.stream.FindOps$FindOp.evaluateSequential(FindOps.java:150)
at java.base/java.util.stream.AbstractPipeline.evaluate(AbstractPipeline.java:234)
at java.base/java.util.stream.ReferencePipeline.findFirst(ReferencePipeline.java:647)
at org.openqa.selenium.remote.ProtocolHandshake.createSession(ProtocolHandshake.java:125)
at org.openqa.selenium.remote.ProtocolHandshake.createSession(ProtocolHandshake.java:74)
at org.openqa.selenium.remote.HttpCommandExecutor.execute(HttpCommandExecutor.java:136)
at org.openqa.selenium.remote.service.DriverCommandExecutor.execute(DriverCommandExecutor.java:83)
at org.openqa.selenium.remote.RemoteWebDriver.execute(RemoteWebDriver.java:552)
at org.openqa.selenium.remote.RemoteWebDriver.startSession(RemoteWebDriver.java:213)
at org.openqa.selenium.remote.RemoteWebDriver.<init>(RemoteWebDriver.java:131)
at org.openqa.selenium.chrome.ChromeDriver.<init>(ChromeDriver.java:181)
at org.openqa.selenium.chrome.ChromeDriver.<init>(ChromeDriver.java:168)
at org.openqa.selenium.chrome.ChromeDriver.<init>(ChromeDriver.java:157)
at ftest.facetest.beforetest(facetest.java:39)
... Removed 29 stack frames]]>
    </failure>
  </testcase> <!-- @BeforeTest beforetest -->
  <testcase classname="ftest.facetest" name="@BeforeClass flogin" time="-1.666197244617E9">
    <skipped/>
  </testcase> <!-- @BeforeClass flogin -->
  <testcase classname="ftest.facetest" name="@BeforeMethod face" time="-1.666197244629E9">
    <skipped/>
  </testcase> <!-- @BeforeMethod face -->
  <testcase classname="ftest.facetest" name="@AfterMethod logout" time="-1.666197244639E9">
    <skipped/>
  </testcase> <!-- @AfterMethod logout -->
  <testcase classname="ftest.facetest" name="@AfterClass close" time="-1.666197244642E9">
    <skipped/>
  </testcase> <!-- @AfterClass close -->
  <testcase classname="ftest.facetest" name="@AfterTest aftertest" time="-1.666197244645E9">
    <skipped/>
  </testcase> <!-- @AfterTest aftertest -->
  <testcase classname="ftest.facetest" name="ftest" time="0.0">
    <skipped/>
  </testcase> <!-- ftest -->
</testsuite> <!-- chromeTest -->
