<?xml version="1.0" encoding="UTF-8"?>
<!-- Generated by org.testng.reporters.JUnitXMLReporter -->
<testsuite ignored="0" hostname="DESKTOP-FD2FDPE" failures="0" tests="1" name="Test" time="0.104" errors="0" timestamp="2022-10-10T23:10:28 IST">
  <testcase classname="ftest.facetest" name="@BeforeTest beforetest" time="-1.66542362722E9">
    <failure type="org.testng.TestNGException" message="
Parameter &amp;apos;browser&amp;apos; is required by BeforeTest on method beforetest but has not been marked @Optional or defined
in C:\Users\User\eclipse-workspace\11JUNENEWPROJECT\testng.xml">
      <![CDATA[org.testng.TestNGException: 
Parameter 'browser' is required by BeforeTest on method beforetest but has not been marked @Optional or defined
in C:\Users\User\eclipse-workspace\11JUNENEWPROJECT\testng.xml
... Removed 21 stack frames]]>
    </failure>
  </testcase> <!-- @BeforeTest beforetest -->
  <testcase classname="ftest.facetest" name="@BeforeClass flogin" time="-1.665423627271E9">
    <skipped/>
  </testcase> <!-- @BeforeClass flogin -->
  <testcase classname="ftest.facetest" name="@BeforeMethod face" time="-1.665423627292E9">
    <skipped/>
  </testcase> <!-- @BeforeMethod face -->
  <testcase classname="ftest.facetest" name="@AfterMethod logout" time="-1.665423627302E9">
    <skipped/>
  </testcase> <!-- @AfterMethod logout -->
  <testcase classname="ftest.facetest" name="@AfterClass close" time="-1.665423627308E9">
    <skipped/>
  </testcase> <!-- @AfterClass close -->
  <testcase classname="ftest.facetest" name="ftest" time="0.0">
    <skipped/>
  </testcase> <!-- ftest -->
</testsuite> <!-- Test -->
